<?xml version="1.0" encoding="UTF-8"?>
<!-- Generated by org.testng.reporters.JUnitReportReporter -->
<testsuite hostname="MBRLT00757" failures="0" tests="1" name="testcases.LoginTest" time="8.435" errors="0" timestamp="2022-11-29T10:27:32 IST" skipped="0">
  <testcase classname="testcases.LoginTest" name="TC001" time="8.435"/>
  <system-out/>
</testsuite> <!-- testcases.LoginTest -->
